# JRE version: OpenJDK Runtime Environment (21.0.7) (build 21.0.7+-13880790-b1038.58)
# Java VM: OpenJDK 64-Bit Server VM (21.0.7+-13880790-b1038.58, mixed mode, tiered, compressed oops, compressed class ptrs, g1 gc, windows-amd64)
GC Precious Log:
 CardTable entry size: 512
 Card Set container configuration: InlinePtr #cards 5 size 8 Array Of Cards #cards 12 size 40 Howl #buckets 4 coarsen threshold 1843 Howl Bitmap #cards 512 size 80 coarsen threshold 460 Card regions per heap region 1 cards per card region 2048
 CPUs: 8 total, 8 available
 Memory: 16157M
 Large Page Support: Disabled
 NUMA Support: Disabled
 Compressed Oops: Enabled (32-bit)
 Heap Region Size: 1M
 Heap Min Capacity: 8M
 Heap Initial Capacity: 254M
 Heap Max Capacity: 2G
 Pre-touch: Disabled
 Parallel Workers: 8
 Concurrent Workers: 2
 Concurrent Refinement Workers: 8
 Periodic GC: Disabled
Heap:
 garbage-first heap   total 177152K, used 113492K [0x0000000080000000, 0x0000000100000000)
  region size 1024K, 22 young (22528K), 6 survivors (6144K)
 Metaspace       used 112641K, committed 114816K, reserved 1179648K
  class space    used 15730K, committed 16768K, reserved 1048576K
GC Heap History (20 events):
Event: 25.777 GC heap before
{Heap before GC invocations=31 (full 0):
 garbage-first heap   total 119808K, used 74770K [0x0000000080000000, 0x0000000100000000)
  region size 1024K, 7 young (7168K), 3 survivors (3072K)
 Metaspace       used 87835K, committed 89728K, reserved 1179648K
  class space    used 11991K, committed 12928K, reserved 1048576K
}
Event: 25.782 GC heap after
{Heap after GC invocations=32 (full 0):
 garbage-first heap   total 119808K, used 72959K [0x0000000080000000, 0x0000000100000000)
  region size 1024K, 4 young (4096K), 4 survivors (4096K)
 Metaspace       used 87835K, committed 89728K, reserved 1179648K
  class space    used 11991K, committed 12928K, reserved 1048576K
}
Event: 26.473 GC heap before
{Heap before GC invocations=33 (full 0):
 garbage-first heap   total 130048K, used 112895K [0x0000000080000000, 0x0000000100000000)
  region size 1024K, 38 young (38912K), 4 survivors (4096K)
 Metaspace       used 89664K, committed 91584K, reserved 1179648K
  class space    used 12249K, committed 13184K, reserved 1048576K
}
Event: 26.480 GC heap after
{Heap after GC invocations=34 (full 0):
 garbage-first heap   total 130048K, used 77543K [0x0000000080000000, 0x0000000100000000)
  region size 1024K, 5 young (5120K), 5 survivors (5120K)
 Metaspace       used 89664K, committed 91584K, reserved 1179648K
  class space    used 12249K, committed 13184K, reserved 1048576K
}
Event: 27.194 GC heap before
{Heap before GC invocations=34 (full 0):
 garbage-first heap   total 130048K, used 115431K [0x0000000080000000, 0x0000000100000000)
  region size 1024K, 42 young (43008K), 5 survivors (5120K)
 Metaspace       used 92598K, committed 94528K, reserved 1179648K
  class space    used 12621K, committed 13568K, reserved 1048576K
}
Event: 27.202 GC heap after
{Heap after GC invocations=35 (full 0):
 garbage-first heap   total 130048K, used 78711K [0x0000000080000000, 0x0000000100000000)
  region size 1024K, 3 young (3072K), 3 survivors (3072K)
 Metaspace       used 92598K, committed 94528K, reserved 1179648K
  class space    used 12621K, committed 13568K, reserved 1048576K
}
Event: 28.259 GC heap before
{Heap before GC invocations=35 (full 0):
 garbage-first heap   total 130048K, used 116599K [0x0000000080000000, 0x0000000100000000)
  region size 1024K, 40 young (40960K), 3 survivors (3072K)
 Metaspace       used 94995K, committed 96960K, reserved 1179648K
  class space    used 12924K, committed 13888K, reserved 1048576K
}
Event: 28.267 GC heap after
{Heap after GC invocations=36 (full 0):
 garbage-first heap   total 130048K, used 82171K [0x0000000080000000, 0x0000000100000000)
  region size 1024K, 5 young (5120K), 5 survivors (5120K)
 Metaspace       used 94995K, committed 96960K, reserved 1179648K
  class space    used 12924K, committed 13888K, reserved 1048576K
}
Event: 29.241 GC heap before
{Heap before GC invocations=37 (full 0):
 garbage-first heap   total 138240K, used 116987K [0x0000000080000000, 0x0000000100000000)
  region size 1024K, 38 young (38912K), 5 survivors (5120K)
 Metaspace       used 97461K, committed 99456K, reserved 1179648K
  class space    used 13319K, committed 14272K, reserved 1048576K
}
Event: 29.249 GC heap after
{Heap after GC invocations=38 (full 0):
 garbage-first heap   total 138240K, used 84196K [0x0000000080000000, 0x0000000100000000)
  region size 1024K, 2 young (2048K), 2 survivors (2048K)
 Metaspace       used 97461K, committed 99456K, reserved 1179648K
  class space    used 13319K, committed 14272K, reserved 1048576K
}
Event: 30.178 GC heap before
{Heap before GC invocations=38 (full 0):
 garbage-first heap   total 138240K, used 125156K [0x0000000080000000, 0x0000000100000000)
  region size 1024K, 42 young (43008K), 2 survivors (2048K)
 Metaspace       used 100912K, committed 102912K, reserved 1179648K
  class space    used 13927K, committed 14912K, reserved 1048576K
}
Event: 30.185 GC heap after
{Heap after GC invocations=39 (full 0):
 garbage-first heap   total 138240K, used 84345K [0x0000000080000000, 0x0000000100000000)
  region size 1024K, 3 young (3072K), 3 survivors (3072K)
 Metaspace       used 100912K, committed 102912K, reserved 1179648K
  class space    used 13927K, committed 14912K, reserved 1048576K
}
Event: 30.938 GC heap before
{Heap before GC invocations=39 (full 0):
 garbage-first heap   total 138240K, used 126329K [0x0000000080000000, 0x0000000100000000)
  region size 1024K, 44 young (45056K), 3 survivors (3072K)
 Metaspace       used 104344K, committed 106368K, reserved 1179648K
  class space    used 14427K, committed 15424K, reserved 1048576K
}
Event: 30.949 GC heap after
{Heap after GC invocations=40 (full 0):
 garbage-first heap   total 138240K, used 86737K [0x0000000080000000, 0x0000000100000000)
  region size 1024K, 6 young (6144K), 6 survivors (6144K)
 Metaspace       used 104344K, committed 106368K, reserved 1179648K
  class space    used 14427K, committed 15424K, reserved 1048576K
}
Event: 32.149 GC heap before
{Heap before GC invocations=41 (full 0):
 garbage-first heap   total 147456K, used 122577K [0x0000000080000000, 0x0000000100000000)
  region size 1024K, 41 young (41984K), 6 survivors (6144K)
 Metaspace       used 106876K, committed 108992K, reserved 1179648K
  class space    used 14876K, committed 15936K, reserved 1048576K
}
Event: 32.158 GC heap after
{Heap after GC invocations=42 (full 0):
 garbage-first heap   total 147456K, used 88135K [0x0000000080000000, 0x0000000100000000)
  region size 1024K, 4 young (4096K), 4 survivors (4096K)
 Metaspace       used 106876K, committed 108992K, reserved 1179648K
  class space    used 14876K, committed 15936K, reserved 1048576K
}
Event: 32.930 GC heap before
{Heap before GC invocations=42 (full 0):
 garbage-first heap   total 147456K, used 134215K [0x0000000080000000, 0x0000000100000000)
  region size 1024K, 49 young (50176K), 4 survivors (4096K)
 Metaspace       used 110639K, committed 112832K, reserved 1179648K
  class space    used 15377K, committed 16448K, reserved 1048576K
}
Event: 32.941 GC heap after
{Heap after GC invocations=43 (full 0):
 garbage-first heap   total 147456K, used 90428K [0x0000000080000000, 0x0000000100000000)
  region size 1024K, 5 young (5120K), 5 survivors (5120K)
 Metaspace       used 110639K, committed 112832K, reserved 1179648K
  class space    used 15377K, committed 16448K, reserved 1048576K
}
Event: 33.395 GC heap before
{Heap before GC invocations=43 (full 0):
 garbage-first heap   total 147456K, used 133436K [0x0000000080000000, 0x0000000100000000)
  region size 1024K, 47 young (48128K), 5 survivors (5120K)
 Metaspace       used 110883K, committed 113024K, reserved 1179648K
  class space    used 15399K, committed 16448K, reserved 1048576K
}
Event: 33.407 GC heap after
{Heap after GC invocations=44 (full 0):
 garbage-first heap   total 177152K, used 98132K [0x0000000080000000, 0x0000000100000000)
  region size 1024K, 6 young (6144K), 6 survivors (6144K)
 Metaspace       used 110883K, committed 113024K, reserved 1179648K
  class space    used 15399K, committed 16448K, reserved 1048576K
}

